#
# There is insufficient memory for the Java Runtime Environment to continue.
# Native memory allocation (malloc) failed to allocate 1870416 bytes for Chunk::new
# Possible reasons:
#   The system is out of physical RAM or swap space
#   The process is running with CompressedOops enabled, and the Java Heap may be blocking the growth of the native heap
# Possible solutions:
#   Reduce memory load on the system
#   Increase physical memory or swap space
#   Check if swap backing store is full
#   Decrease Java heap size (-Xmx/-Xms)
#   Decrease number of Java threads
#   Decrease Java thread stack sizes (-Xss)
#   Set larger code cache with -XX:ReservedCodeCacheSize=
#   JVM is running with Unscaled Compressed Oops mode in which the Java heap is
#     placed in the first 4GB address space. The Java Heap base address is the
#     maximum limit for the native heap growth. Please use -XX:HeapBaseMinAddress
#     to set the Java Heap base and to place the Java Heap above 4GB virtual address.
# This output file may be truncated or incomplete.
#
#  Out of Memory Error (allocation.cpp:389), pid=2148, tid=0x0000000000001b38
#
# JRE version: OpenJDK Runtime Environment (8.0_242-b01) (build 1.8.0_242-release-1644-b01)
# Java VM: OpenJDK 64-Bit Server VM (25.242-b01 mixed mode windows-amd64 compressed oops)
# Failed to write core dump. Minidumps are not enabled by default on client versions of Windows
#

---------------  T H R E A D  ---------------

Current thread (0x000000001904d000):  JavaThread "C2 CompilerThread2" daemon [_thread_in_native, id=6968, stack(0x0000000019b10000,0x0000000019c10000)]

Stack: [0x0000000019b10000,0x0000000019c10000]
[error occurred during error reporting (printing stack bounds), id 0xc0000005]

Native frames: (J=compiled Java code, j=interpreted, Vv=VM code, C=native code)


Current CompileTask:
C2:  10919 5702       4       groovy.lang.MetaClassImpl::inheritInterfaceNewMetaMethods (199 bytes)


---------------  P R O C E S S  ---------------

Java Threads: ( => current thread )
  0x000000001bda0000 JavaThread "Cache worker for file content cache (D:\Flutter_Projects\namma_badavane\android\.gradle\5.6.2\fileContent)" [_thread_blocked, id=3132, stack(0x0000000025170000,0x0000000025270000)]
  0x000000001bd9f800 JavaThread "Cache worker for file content cache (C:\Users\asus\.gradle\caches\5.6.2\fileContent)" [_thread_blocked, id=16040, stack(0x0000000025070000,0x0000000025170000)]
  0x000000001e63d000 JavaThread "Memory manager" [_thread_blocked, id=1144, stack(0x0000000024740000,0x0000000024840000)]
  0x000000001e640000 JavaThread "Cache worker for Build Output Cleanup Cache (D:\Flutter_Projects\namma_badavane\android\.gradle\buildOutputCleanup)" [_thread_blocked, id=6492, stack(0x0000000024440000,0x0000000024540000)]
  0x000000001e63a800 JavaThread "pool-1-thread-1" [_thread_blocked, id=9488, stack(0x0000000023690000,0x0000000023790000)]
  0x000000001e63a000 JavaThread "Build operations Thread 8" [_thread_blocked, id=9024, stack(0x0000000023f40000,0x0000000024040000)]
  0x000000001e63e800 JavaThread "Build operations Thread 7" [_thread_blocked, id=9680, stack(0x0000000023e40000,0x0000000023f40000)]
  0x000000001e632800 JavaThread "Build operations Thread 6" [_thread_blocked, id=12824, stack(0x0000000023d40000,0x0000000023e40000)]
  0x000000001e639000 JavaThread "Build operations Thread 5" [_thread_blocked, id=2384, stack(0x0000000023c40000,0x0000000023d40000)]
  0x000000001e636000 JavaThread "Build operations Thread 4" [_thread_blocked, id=11184, stack(0x0000000023b40000,0x0000000023c40000)]
  0x000000001e634800 JavaThread "Build operations Thread 3" [_thread_blocked, id=7912, stack(0x0000000023a40000,0x0000000023b40000)]
  0x000000001e631800 JavaThread "Build operations Thread 2" [_thread_blocked, id=15884, stack(0x0000000023940000,0x0000000023a40000)]
  0x000000001e638800 JavaThread "Build operations" [_thread_blocked, id=3404, stack(0x0000000023840000,0x0000000023940000)]
  0x000000001e634000 JavaThread "Cache worker for execution history cache (C:\Users\asus\.gradle\caches\5.6.2\executionHistory)" [_thread_blocked, id=4640, stack(0x0000000021b50000,0x0000000021c50000)]
  0x000000001e637800 JavaThread "Cache worker for cache directory md-rule (C:\Users\asus\.gradle\caches\5.6.2\md-rule)" [_thread_blocked, id=6076, stack(0x00000000205a0000,0x00000000206a0000)]
  0x000000001e633000 JavaThread "Cache worker for cache directory md-supplier (C:\Users\asus\.gradle\caches\5.6.2\md-supplier)" [_thread_blocked, id=6188, stack(0x00000000202d0000,0x00000000203d0000)]
  0x0000000019060000 JavaThread "Cache worker for file hash cache (D:\Flutter_Projects\namma_badavane\android\.gradle\5.6.2\fileHashes)" [_thread_blocked, id=8780, stack(0x00000000204a0000,0x00000000205a0000)]
  0x0000000019064000 JavaThread "Cache worker for journal cache (C:\Users\asus\.gradle\caches\journal-1)" [_thread_blocked, id=9724, stack(0x000000001dc30000,0x000000001dd30000)]
  0x0000000019063000 JavaThread "File lock request listener" [_thread_in_native, id=10020, stack(0x000000001db30000,0x000000001dc30000)]
  0x000000001bb9e000 JavaThread "Cache worker for file hash cache (C:\Users\asus\.gradle\caches\5.6.2\fileHashes)" [_thread_blocked, id=14632, stack(0x000000001da30000,0x000000001db30000)]
  0x000000001b962800 JavaThread "Thread-9" [_thread_blocked, id=3428, stack(0x000000001d930000,0x000000001da30000)]
  0x000000001b97c000 JavaThread "Stdin handler" [_thread_blocked, id=10804, stack(0x000000001d830000,0x000000001d930000)]
  0x000000001b9b9800 JavaThread "Asynchronous log dispatcher for DefaultDaemonConnection: socket connection from /127.0.0.1:49534 to /127.0.0.1:49535" [_thread_blocked, id=14780, stack(0x000000001d630000,0x000000001d730000)]
  0x000000001b955000 JavaThread "Daemon worker" [_thread_in_vm, id=2552, stack(0x000000001d330000,0x000000001d430000)]
  0x000000001b984000 JavaThread "Cancel handler" [_thread_blocked, id=7648, stack(0x000000001d230000,0x000000001d330000)]
  0x000000001b981800 JavaThread "Handler for socket connection from /127.0.0.1:49534 to /127.0.0.1:49535" [_thread_in_native, id=3944, stack(0x000000001d130000,0x000000001d230000)]
  0x000000001b97f000 JavaThread "Daemon" [_thread_blocked, id=14352, stack(0x000000001d030000,0x000000001d130000)]
  0x000000001b8d6000 JavaThread "Daemon periodic checks" [_thread_blocked, id=5864, stack(0x000000001cf30000,0x000000001d030000)]
  0x000000001b8dd800 JavaThread "Incoming local TCP Connector on port 49534" [_thread_in_native, id=8648, stack(0x000000001ccf0000,0x000000001cdf0000)]
  0x000000001b80b800 JavaThread "Daemon health stats" [_thread_blocked, id=10700, stack(0x000000001c6b0000,0x000000001c7b0000)]
  0x00000000190e9000 JavaThread "Service Thread" daemon [_thread_blocked, id=6700, stack(0x0000000019d10000,0x0000000019e10000)]
  0x000000001905e800 JavaThread "C1 CompilerThread3" daemon [_thread_in_vm, id=11080, stack(0x0000000019c10000,0x0000000019d10000)]
=>0x000000001904d000 JavaThread "C2 CompilerThread2" daemon [_thread_in_native, id=6968, stack(0x0000000019b10000,0x0000000019c10000)]
  0x000000001904a800 JavaThread "C2 CompilerThread1" daemon [_thread_in_native, id=14052, stack(0x0000000019a10000,0x0000000019b10000)]
  0x0000000019042800 JavaThread "C2 CompilerThread0" daemon [_thread_in_native, id=9712, stack(0x0000000019910000,0x0000000019a10000)]
  0x0000000019041800 JavaThread "Attach Listener" daemon [_thread_blocked, id=6012, stack(0x0000000019810000,0x0000000019910000)]
  0x0000000019040800 JavaThread "Signal Dispatcher" daemon [_thread_blocked, id=6244, stack(0x0000000019710000,0x0000000019810000)]
  0x0000000019030800 JavaThread "Finalizer" daemon [_thread_blocked, id=9412, stack(0x0000000019510000,0x0000000019610000)]
  0x000000001722c000 JavaThread "Reference Handler" daemon [_thread_blocked, id=16152, stack(0x0000000019410000,0x0000000019510000)]
  0x0000000003372800 JavaThread "main" [_thread_blocked, id=7376, stack(0x00000000031d0000,0x00000000032d0000)]

Other Threads:
  0x0000000017228000 VMThread [stack: 0x0000000018f10000,0x0000000019010000] [id=828]
  0x000000001909c800 WatcherThread [stack: 0x0000000019e10000,0x0000000019f10000] [id=668]

VM state:not at safepoint (normal execution)

VM Mutex/Monitor currently owned by a thread: None

heap address: 0x00000000a0000000, size: 1536 MB, Compressed Oops mode: 32-bit
Narrow klass base: 0x0000000000000000, Narrow klass shift: 3
Compressed class space size: 1073741824 Address: 0x0000000100000000

Heap:
 PSYoungGen      total 208384K, used 17540K [0x00000000e0000000, 0x00000000f0e80000, 0x0000000100000000)
  eden space 185856K, 9% used [0x00000000e0000000,0x00000000e11210b8,0x00000000eb580000)
  from space 22528K, 0% used [0x00000000eb580000,0x00000000eb580000,0x00000000ecb80000)
  to   space 22016K, 0% used [0x00000000ef900000,0x00000000ef900000,0x00000000f0e80000)
 ParOldGen       total 101376K, used 45550K [0x00000000a0000000, 0x00000000a6300000, 0x00000000e0000000)
  object space 101376K, 44% used [0x00000000a0000000,0x00000000a2c7b858,0x00000000a6300000)
 Metaspace       used 58376K, capacity 60640K, committed 60696K, reserved 1101824K
  class space    used 8025K, capacity 8703K, committed 8736K, reserved 1048576K

Card table byte_map: [0x0000000012830000,0x0000000012b40000] byte_map_base: 0x0000000012330000

Marking Bits: (ParMarkBitMap*) 0x0000000073d4f030
 Begin Bits: [0x0000000013540000, 0x0000000014d40000)
 End Bits:   [0x0000000014d40000, 0x0000000016540000)

Polling page: 0x0000000001930000

CodeCache: size=245760Kb used=21208Kb max_used=21208Kb free=224551Kb
 bounds [0x0000000003470000, 0x0000000004950000, 0x0000000012470000]
 total_blobs=6963 nmethods=6167 adapters=709
 compilation: enabled

Compilation events (10 events):
Event: 10.899 Thread 0x000000001905e800 6648       3       sun.misc.ProxyGenerator::access$1800 (7 bytes)
Event: 10.899 Thread 0x000000001905e800 nmethod 6648 0x0000000003f163d0 code [0x0000000003f16540, 0x0000000003f166a8]
Event: 10.899 Thread 0x000000001905e800 6649       3       sun.misc.ProxyGenerator$FieldInfo::write (50 bytes)
Event: 10.900 Thread 0x000000001905e800 nmethod 6649 0x0000000003968490 code [0x0000000003968720, 0x00000000039698b8]
Event: 10.913 Thread 0x000000001905e800 6651       3       sun.misc.ProxyGenerator::collectCompatibleTypes (93 bytes)
Event: 10.913 Thread 0x000000001905e800 nmethod 6651 0x000000000492ea50 code [0x000000000492ec00, 0x000000000492f1c8]
Event: 10.918 Thread 0x0000000019042800 6652       4       sun.reflect.annotation.AnnotationInvocationHandler::invoke (277 bytes)
Event: 10.918 Thread 0x000000001905e800 6653       3       sun.reflect.annotation.AnnotationParser::skipMemberValue (11 bytes)
Event: 10.918 Thread 0x000000001905e800 nmethod 6653 0x0000000003967fd0 code [0x0000000003968140, 0x0000000003968378]
Event: 10.918 Thread 0x000000001905e800 6654       3       sun.reflect.annotation.AnnotationParser::skipMemberValue (65 bytes)

GC Heap History (10 events):
Event: 5.533 GC heap before
{Heap before GC invocations=10 (full 2):
 PSYoungGen      total 168448K, used 11018K [0x00000000e0000000, 0x00000000edc80000, 0x0000000100000000)
  eden space 154624K, 0% used [0x00000000e0000000,0x00000000e0000000,0x00000000e9700000)
  from space 13824K, 79% used [0x00000000ea580000,0x00000000eb042a10,0x00000000eb300000)
  to   space 14848K, 0% used [0x00000000e9700000,0x00000000e9700000,0x00000000ea580000)
 ParOldGen       total 66560K, used 11966K [0x00000000a0000000, 0x00000000a4100000, 0x00000000e0000000)
  object space 66560K, 17% used [0x00000000a0000000,0x00000000a0bafb60,0x00000000a4100000)
 Metaspace       used 34664K, capacity 35434K, committed 35496K, reserved 1079296K
  class space    used 4734K, capacity 4990K, committed 5040K, reserved 1048576K
Event: 5.612 GC heap after
Heap after GC invocations=10 (full 2):
 PSYoungGen      total 168448K, used 0K [0x00000000e0000000, 0x00000000edc80000, 0x0000000100000000)
  eden space 154624K, 0% used [0x00000000e0000000,0x00000000e0000000,0x00000000e9700000)
  from space 13824K, 0% used [0x00000000ea580000,0x00000000ea580000,0x00000000eb300000)
  to   space 14848K, 0% used [0x00000000e9700000,0x00000000e9700000,0x00000000ea580000)
 ParOldGen       total 101376K, used 17744K [0x00000000a0000000, 0x00000000a6300000, 0x00000000e0000000)
  object space 101376K, 17% used [0x00000000a0000000,0x00000000a11543e8,0x00000000a6300000)
 Metaspace       used 34642K, capacity 35362K, committed 35496K, reserved 1079296K
  class space    used 4728K, capacity 4978K, committed 5040K, reserved 1048576K
}
Event: 7.199 GC heap before
{Heap before GC invocations=11 (full 2):
 PSYoungGen      total 168448K, used 154624K [0x00000000e0000000, 0x00000000edc80000, 0x0000000100000000)
  eden space 154624K, 100% used [0x00000000e0000000,0x00000000e9700000,0x00000000e9700000)
  from space 13824K, 0% used [0x00000000ea580000,0x00000000ea580000,0x00000000eb300000)
  to   space 14848K, 0% used [0x00000000e9700000,0x00000000e9700000,0x00000000ea580000)
 ParOldGen       total 101376K, used 17744K [0x00000000a0000000, 0x00000000a6300000, 0x00000000e0000000)
  object space 101376K, 17% used [0x00000000a0000000,0x00000000a11543e8,0x00000000a6300000)
 Metaspace       used 45776K, capacity 46920K, committed 47016K, reserved 1089536K
  class space    used 6170K, capacity 6516K, committed 6576K, reserved 1048576K
Event: 7.220 GC heap after
Heap after GC invocations=11 (full 2):
 PSYoungGen      total 169472K, used 14822K [0x00000000e0000000, 0x00000000edd00000, 0x0000000100000000)
  eden space 154624K, 0% used [0x00000000e0000000,0x00000000e0000000,0x00000000e9700000)
  from space 14848K, 99% used [0x00000000e9700000,0x00000000ea579a00,0x00000000ea580000)
  to   space 17920K, 0% used [0x00000000ecb80000,0x00000000ecb80000,0x00000000edd00000)
 ParOldGen       total 101376K, used 20104K [0x00000000a0000000, 0x00000000a6300000, 0x00000000e0000000)
  object space 101376K, 19% used [0x00000000a0000000,0x00000000a13a2208,0x00000000a6300000)
 Metaspace       used 45776K, capacity 46920K, committed 47016K, reserved 1089536K
  class space    used 6170K, capacity 6516K, committed 6576K, reserved 1048576K
}
Event: 8.993 GC heap before
{Heap before GC invocations=12 (full 2):
 PSYoungGen      total 169472K, used 169446K [0x00000000e0000000, 0x00000000edd00000, 0x0000000100000000)
  eden space 154624K, 100% used [0x00000000e0000000,0x00000000e9700000,0x00000000e9700000)
  from space 14848K, 99% used [0x00000000e9700000,0x00000000ea579a00,0x00000000ea580000)
  to   space 17920K, 0% used [0x00000000ecb80000,0x00000000ecb80000,0x00000000edd00000)
 ParOldGen       total 101376K, used 20104K [0x00000000a0000000, 0x00000000a6300000, 0x00000000e0000000)
  object space 101376K, 19% used [0x00000000a0000000,0x00000000a13a2208,0x00000000a6300000)
 Metaspace       used 54835K, capacity 56598K, committed 56616K, reserved 1097728K
  class space    used 7495K, capacity 7979K, committed 7984K, reserved 1048576K
Event: 9.018 GC heap after
Heap after GC invocations=12 (full 2):
 PSYoungGen      total 203776K, used 17915K [0x00000000e0000000, 0x00000000ee600000, 0x0000000100000000)
  eden space 185856K, 0% used [0x00000000e0000000,0x00000000e0000000,0x00000000eb580000)
  from space 17920K, 99% used [0x00000000ecb80000,0x00000000edcfed98,0x00000000edd00000)
  to   space 22528K, 0% used [0x00000000eb580000,0x00000000eb580000,0x00000000ecb80000)
 ParOldGen       total 101376K, used 26784K [0x00000000a0000000, 0x00000000a6300000, 0x00000000e0000000)
  object space 101376K, 26% used [0x00000000a0000000,0x00000000a1a28048,0x00000000a6300000)
 Metaspace       used 54835K, capacity 56598K, committed 56616K, reserved 1097728K
  class space    used 7495K, capacity 7979K, committed 7984K, reserved 1048576K
}
Event: 10.322 GC heap before
{Heap before GC invocations=13 (full 2):
 PSYoungGen      total 203776K, used 104043K [0x00000000e0000000, 0x00000000ee600000, 0x0000000100000000)
  eden space 185856K, 46% used [0x00000000e0000000,0x00000000e541bfe8,0x00000000eb580000)
  from space 17920K, 99% used [0x00000000ecb80000,0x00000000edcfed98,0x00000000edd00000)
  to   space 22528K, 0% used [0x00000000eb580000,0x00000000eb580000,0x00000000ecb80000)
 ParOldGen       total 101376K, used 26784K [0x00000000a0000000, 0x00000000a6300000, 0x00000000e0000000)
  object space 101376K, 26% used [0x00000000a0000000,0x00000000a1a28048,0x00000000a6300000)
 Metaspace       used 56883K, capacity 59072K, committed 59160K, reserved 1099776K
  class space    used 7767K, capacity 8415K, committed 8480K, reserved 1048576K
Event: 10.352 GC heap after
Heap after GC invocations=13 (full 2):
 PSYoungGen      total 208384K, used 11701K [0x00000000e0000000, 0x00000000f0e80000, 0x0000000100000000)
  eden space 185856K, 0% used [0x00000000e0000000,0x00000000e0000000,0x00000000eb580000)
  from space 22528K, 51% used [0x00000000eb580000,0x00000000ec0ed568,0x00000000ecb80000)
  to   space 22016K, 0% used [0x00000000ef900000,0x00000000ef900000,0x00000000f0e80000)
 ParOldGen       total 101376K, used 44650K [0x00000000a0000000, 0x00000000a6300000, 0x00000000e0000000)
  object space 101376K, 44% used [0x00000000a0000000,0x00000000a2b9a878,0x00000000a6300000)
 Metaspace       used 56883K, capacity 59072K, committed 59160K, reserved 1099776K
  class space    used 7767K, capacity 8415K, committed 8480K, reserved 1048576K
}
Event: 10.352 GC heap before
{Heap before GC invocations=14 (full 3):
 PSYoungGen      total 208384K, used 11701K [0x00000000e0000000, 0x00000000f0e80000, 0x0000000100000000)
  eden space 185856K, 0% used [0x00000000e0000000,0x00000000e0000000,0x00000000eb580000)
  from space 22528K, 51% used [0x00000000eb580000,0x00000000ec0ed568,0x00000000ecb80000)
  to   space 22016K, 0% used [0x00000000ef900000,0x00000000ef900000,0x00000000f0e80000)
 ParOldGen       total 101376K, used 44650K [0x00000000a0000000, 0x00000000a6300000, 0x00000000e0000000)
  object space 101376K, 44% used [0x00000000a0000000,0x00000000a2b9a878,0x00000000a6300000)
 Metaspace       used 56883K, capacity 59072K, committed 59160K, reserved 1099776K
  class space    used 7767K, capacity 8415K, committed 8480K, reserved 1048576K
Event: 10.731 GC heap after
Heap after GC invocations=14 (full 3):
 PSYoungGen      total 208384K, used 0K [0x00000000e0000000, 0x00000000f0e80000, 0x0000000100000000)
  eden space 185856K, 0% used [0x00000000e0000000,0x00000000e0000000,0x00000000eb580000)
  from space 22528K, 0% used [0x00000000eb580000,0x00000000eb580000,0x00000000ecb80000)
  to   space 22016K, 0% used [0x00000000ef900000,0x00000000ef900000,0x00000000f0e80000)
 ParOldGen       total 101376K, used 45550K [0x00000000a0000000, 0x00000000a6300000, 0x00000000e0000000)
  object space 101376K, 44% used [0x00000000a0000000,0x00000000a2c7b858,0x00000000a6300000)
 Metaspace       used 56883K, capacity 59072K, committed 59160K, reserved 1099776K
  class space    used 7767K, capacity 8415K, committed 8480K, reserved 1048576K
}

Deoptimization events (10 events):
Event: 8.338 Thread 0x000000001b955000 Uncommon trap: reason=unstable_if action=reinterpret pc=0x000000000373edb4 method=java.util.HashMap.resize()[Ljava/util/HashMap$Node; @ 206
Event: 8.895 Thread 0x000000001b955000 Uncommon trap: reason=bimorphic action=maybe_recompile pc=0x000000000428942c method=org.codehaus.groovy.util.SingleKeyHashMap.get(Ljava/lang/Object;)Ljava/lang/Object; @ 43
Event: 9.235 Thread 0x000000001b955000 Uncommon trap: reason=bimorphic action=maybe_recompile pc=0x000000000457e988 method=groovy.lang.MetaClassImpl.makeReplacementMetaProperty(Lgroovy/lang/MetaProperty;Ljava/lang/String;ZLgroovy/lang/MetaMethod;)Lgroovy/lang/MetaProperty; @ 14
Event: 9.258 Thread 0x000000001b955000 Uncommon trap: reason=unstable_if action=reinterpret pc=0x000000000411b174 method=java.util.TreeMap.put(Ljava/lang/Object;Ljava/lang/Object;)Ljava/lang/Object; @ 163
Event: 9.928 Thread 0x000000001b955000 Uncommon trap: reason=unstable_if action=reinterpret pc=0x0000000004576f7c method=com.esotericsoftware.kryo.io.Output.writeString(Ljava/lang/String;)V @ 93
Event: 10.152 Thread 0x000000001b955000 Uncommon trap: reason=unstable_if action=reinterpret pc=0x0000000003ebdaf8 method=com.esotericsoftware.kryo.io.Input.require(I)I @ 65
Event: 10.748 Thread 0x000000001b955000 Uncommon trap: reason=bimorphic action=maybe_recompile pc=0x000000000414b97c method=java.util.regex.Pattern$5.isSatisfiedBy(I)Z @ 16
Event: 10.748 Thread 0x000000001b955000 Uncommon trap: reason=bimorphic action=maybe_recompile pc=0x000000000414b97c method=java.util.regex.Pattern$5.isSatisfiedBy(I)Z @ 16
Event: 10.748 Thread 0x000000001b955000 Uncommon trap: reason=bimorphic action=maybe_recompile pc=0x000000000414b97c method=java.util.regex.Pattern$5.isSatisfiedBy(I)Z @ 16
Event: 10.748 Thread 0x000000001b955000 Uncommon trap: reason=bimorphic action=maybe_recompile pc=0x000000000414b97c method=java.util.regex.Pattern$5.isSatisfiedBy(I)Z @ 16

Classes redefined (0 events):
No events

Internal exceptions (10 events):
Event: 10.221 Thread 0x000000001b955000 Exception <a 'java/lang/ClassNotFoundException': org/gradle/api/tasks/compile/AbstractOptionsCustomizer> (0x00000000e4b56db8) thrown at [C:\src\AOSP-openjdk-git\hotspot\src\share\vm\classfile\systemDictionary.cpp, line 210]
Event: 10.222 Thread 0x000000001b955000 Exception <a 'java/lang/ClassNotFoundException': org/gradle/api/tasks/compile/CompileOptionsCustomizer> (0x00000000e4b878a0) thrown at [C:\src\AOSP-openjdk-git\hotspot\src\share\vm\classfile\systemDictionary.cpp, line 210]
Event: 10.225 Thread 0x000000001b955000 Exception <a 'java/lang/ClassNotFoundException': org/gradle/api/tasks/compile/CompileOptions_DecoratedCustomizer> (0x00000000e4c06de8) thrown at [C:\src\AOSP-openjdk-git\hotspot\src\share\vm\classfile\systemDictionary.cpp, line 210]
Event: 10.284 Thread 0x000000001b955000 Exception <a 'java/lang/NoSuchMethodError': java.lang.Object.lambda$static$0(Ljava/util/Set;Ljava/util/Set;)Z> (0x00000000e4f7a738) thrown at [C:\src\AOSP-openjdk-git\hotspot\src\share\vm\interpreter\linkResolver.cpp, line 620]
Event: 10.284 Thread 0x000000001b955000 Exception <a 'java/lang/NoSuchMethodError': java.lang.Object.lambda$static$1(Ljava/util/Set;Ljava/util/Set;)Z> (0x00000000e4f7d6a8) thrown at [C:\src\AOSP-openjdk-git\hotspot\src\share\vm\interpreter\linkResolver.cpp, line 620]
Event: 10.285 Thread 0x000000001b955000 Exception <a 'java/lang/NoSuchMethodError': java.lang.Object.lambda$static$2(Ljava/util/Set;Ljava/util/Set;)Z> (0x00000000e4f801e8) thrown at [C:\src\AOSP-openjdk-git\hotspot\src\share\vm\interpreter\linkResolver.cpp, line 620]
Event: 10.285 Thread 0x000000001b955000 Exception <a 'java/lang/NoSuchMethodError': java.lang.Object.lambda$static$3(Ljava/util/Set;Ljava/util/Set;)Z> (0x00000000e4f82d28) thrown at [C:\src\AOSP-openjdk-git\hotspot\src\share\vm\interpreter\linkResolver.cpp, line 620]
Event: 10.285 Thread 0x000000001b955000 Exception <a 'java/lang/NoSuchMethodError': java.lang.Object.lambda$static$4(Ljava/util/Set;Ljava/util/Set;)Z> (0x00000000e4f85868) thrown at [C:\src\AOSP-openjdk-git\hotspot\src\share\vm\interpreter\linkResolver.cpp, line 620]
Event: 10.781 Thread 0x000000001b955000 Exception <a 'java/lang/ClassNotFoundException': com/sun/org/glassfish/hk2/osgiresourcelocator/ServiceLoader> (0x00000000e030c8f8) thrown at [C:\src\AOSP-openjdk-git\hotspot\src\share\vm\classfile\systemDictionary.cpp, line 210]
Event: 10.834 Thread 0x000000001b955000 Exception <a 'java/lang/NullPointerException'> (0x00000000e08604a0) thrown at [C:\src\AOSP-openjdk-git\hotspot\src\share\vm\interpreter\linkResolver.cpp, line 1287]

Events (10 events):
Event: 10.914 loading class com/sun/xml/bind/v2/model/impl/ElementPropertyInfoImpl$1
Event: 10.914 loading class com/sun/xml/bind/v2/model/impl/ElementPropertyInfoImpl$1 done
Event: 10.915 loading class com/sun/xml/bind/v2/model/impl/ClassInfoImpl$PropertySorter
Event: 10.915 loading class com/sun/xml/bind/v2/model/impl/ClassInfoImpl$PropertySorter done
Event: 10.916 loading class com/sun/xml/bind/v2/TODO
Event: 10.916 loading class com/sun/xml/bind/v2/TODO done
Event: 10.917 loading class com/sun/xml/bind/v2/model/impl/PropertyInfoImpl$1
Event: 10.917 loading class com/sun/xml/bind/v2/model/impl/PropertyInfoImpl$1 done
Event: 10.917 loading class javax/xml/bind/annotation/XmlElementDecl$GLOBAL
Event: 10.917 loading class javax/xml/bind/annotation/XmlElementDecl$GLOBAL done


Dynamic libraries:
0x00007ff661870000 - 0x00007ff6618a1000 	C:\Program Files\Android\Android Studio\jre\bin\java.exe
0x00007ffc12940000 - 0x00007ffc12b30000 	C:\WINDOWS\SYSTEM32\ntdll.dll
0x00007ffc12250000 - 0x00007ffc12302000 	C:\WINDOWS\System32\KERNEL32.DLL
0x00007ffc101d0000 - 0x00007ffc10475000 	C:\WINDOWS\System32\KERNELBASE.dll
0x00007ffc121a0000 - 0x00007ffc12243000 	C:\WINDOWS\System32\ADVAPI32.dll
0x00007ffc11380000 - 0x00007ffc1141e000 	C:\WINDOWS\System32\msvcrt.dll
0x00007ffc12310000 - 0x00007ffc123a7000 	C:\WINDOWS\System32\sechost.dll
0x00007ffc10a00000 - 0x00007ffc10b1f000 	C:\WINDOWS\System32\RPCRT4.dll
0x00007ffc10b20000 - 0x00007ffc10cb4000 	C:\WINDOWS\System32\USER32.dll
0x00007ffc10970000 - 0x00007ffc10991000 	C:\WINDOWS\System32\win32u.dll
0x00007ffc11180000 - 0x00007ffc111a6000 	C:\WINDOWS\System32\GDI32.dll
0x00007ffc10770000 - 0x00007ffc10908000 	C:\WINDOWS\System32\gdi32full.dll
0x00007ffc10480000 - 0x00007ffc1051e000 	C:\WINDOWS\System32\msvcp_win.dll
0x00007ffc10670000 - 0x00007ffc1076a000 	C:\WINDOWS\System32\ucrtbase.dll
0x00007ffbfffc0000 - 0x00007ffc00244000 	C:\WINDOWS\WinSxS\amd64_microsoft.windows.common-controls_6595b64144ccf1df_6.0.18362.1316_none_9e7a364fe461dbd7\COMCTL32.dll
0x00007ffc10cd0000 - 0x00007ffc11007000 	C:\WINDOWS\System32\combase.dll
0x00007ffc0f910000 - 0x00007ffc0f991000 	C:\WINDOWS\System32\bcryptPrimitives.dll
0x00007ffc11010000 - 0x00007ffc1103e000 	C:\WINDOWS\System32\IMM32.DLL
0x0000000074320000 - 0x00000000743f2000 	C:\Program Files\Android\Android Studio\jre\jre\bin\msvcr100.dll
0x0000000073580000 - 0x0000000073dcb000 	C:\Program Files\Android\Android Studio\jre\jre\bin\server\jvm.dll
0x00007ffc109f0000 - 0x00007ffc109f8000 	C:\WINDOWS\System32\PSAPI.DLL
0x00007ffc0ab60000 - 0x00007ffc0ab69000 	C:\WINDOWS\SYSTEM32\WSOCK32.dll
0x00007ffc0c480000 - 0x00007ffc0c4a4000 	C:\WINDOWS\SYSTEM32\WINMM.dll
0x00007ffc03b70000 - 0x00007ffc03b7a000 	C:\WINDOWS\SYSTEM32\VERSION.dll
0x00007ffc11310000 - 0x00007ffc1137f000 	C:\WINDOWS\System32\WS2_32.dll
0x00007ffc0c450000 - 0x00007ffc0c47d000 	C:\WINDOWS\SYSTEM32\winmmbase.dll
0x00007ffc109a0000 - 0x00007ffc109ea000 	C:\WINDOWS\System32\cfgmgr32.dll
0x00007ffc0ab50000 - 0x00007ffc0ab5f000 	C:\Program Files\Android\Android Studio\jre\jre\bin\verify.dll
0x00007ffc07d50000 - 0x00007ffc07d79000 	C:\Program Files\Android\Android Studio\jre\jre\bin\java.dll
0x00007ffc0ab30000 - 0x00007ffc0ab46000 	C:\Program Files\Android\Android Studio\jre\jre\bin\zip.dll
0x00007ffc11420000 - 0x00007ffc11b08000 	C:\WINDOWS\System32\SHELL32.dll
0x00007ffc12690000 - 0x00007ffc12737000 	C:\WINDOWS\System32\shcore.dll
0x00007ffc0fa50000 - 0x00007ffc101cb000 	C:\WINDOWS\System32\windows.storage.dll
0x00007ffc0f890000 - 0x00007ffc0f8b3000 	C:\WINDOWS\System32\profapi.dll
0x00007ffc0f820000 - 0x00007ffc0f86a000 	C:\WINDOWS\System32\powrprof.dll
0x00007ffc0f7f0000 - 0x00007ffc0f800000 	C:\WINDOWS\System32\UMPDC.dll
0x00007ffc128a0000 - 0x00007ffc128f2000 	C:\WINDOWS\System32\shlwapi.dll
0x00007ffc0f870000 - 0x00007ffc0f881000 	C:\WINDOWS\System32\kernel.appcore.dll
0x00007ffc0f8f0000 - 0x00007ffc0f907000 	C:\WINDOWS\System32\cryptsp.dll
0x00007ffc02cc0000 - 0x00007ffc02cda000 	C:\Program Files\Android\Android Studio\jre\jre\bin\net.dll
0x00007ffc0f030000 - 0x00007ffc0f097000 	C:\WINDOWS\system32\mswsock.dll
0x00007ffc02ca0000 - 0x00007ffc02cb3000 	C:\Program Files\Android\Android Studio\jre\jre\bin\nio.dll
0x00007ffbfda80000 - 0x00007ffbfdaa6000 	C:\Users\asus\.gradle\native\30\windows-amd64\native-platform.dll
0x00007ffc02c90000 - 0x00007ffc02c9d000 	C:\Program Files\Android\Android Studio\jre\jre\bin\management.dll
0x00007ffc0ebb0000 - 0x00007ffc0ebe3000 	C:\WINDOWS\system32\rsaenh.dll
0x00007ffc0f8c0000 - 0x00007ffc0f8e6000 	C:\WINDOWS\System32\bcrypt.dll
0x00007ffc0f710000 - 0x00007ffc0f735000 	C:\WINDOWS\SYSTEM32\USERENV.dll
0x00007ffc0f200000 - 0x00007ffc0f20c000 	C:\WINDOWS\SYSTEM32\CRYPTBASE.dll
0x00007ffc0ed40000 - 0x00007ffc0ed7a000 	C:\WINDOWS\SYSTEM32\IPHLPAPI.DLL
0x00007ffc10cc0000 - 0x00007ffc10cc8000 	C:\WINDOWS\System32\NSI.dll
0x00007ffc06750000 - 0x00007ffc06766000 	C:\WINDOWS\SYSTEM32\dhcpcsvc6.DLL
0x00007ffc07cb0000 - 0x00007ffc07ccc000 	C:\WINDOWS\SYSTEM32\dhcpcsvc.DLL
0x00007ffc0ed80000 - 0x00007ffc0ee4b000 	C:\WINDOWS\SYSTEM32\DNSAPI.dll

VM Arguments:
jvm_args: -Xmx1536M -Dfile.encoding=windows-1252 -Duser.country=IN -Duser.language=en -Duser.variant 
java_command: org.gradle.launcher.daemon.bootstrap.GradleDaemon 5.6.2
java_class_path (initial): C:\Users\asus\.gradle\wrapper\dists\gradle-5.6.2-all\9st6wgf78h16so49nn74lgtbb\gradle-5.6.2\lib\gradle-launcher-5.6.2.jar
Launcher Type: SUN_STANDARD

Environment Variables:
JAVA_HOME=C:\Program Files\Android\Android Studio\jre
CLASSPATH=D:\Flutter_Projects\namma_badavane\android\\gradle\wrapper\gradle-wrapper.jar
PATH=C:\Program Files (x86)\Intel\Intel(R) Management Engine Components\iCLS\;C:\Program Files\Intel\Intel(R) Management Engine Components\iCLS\;C:\Windows\system32;C:\Windows;C:\Windows\System32\Wbem;C:\Windows\System32\WindowsPowerShell\v1.0\;C:\Windows\System32\OpenSSH\;C:\Program Files (x86)\Intel\Intel(R) Management Engine Components\DAL;C:\Program Files\Intel\Intel(R) Management Engine Components\DAL;C:\Program Files\Intel\WiFi\bin\;C:\Program Files\Common Files\Intel\WirelessCommon\;C:\WINDOWS\system32;C:\WINDOWS;C:\WINDOWS\System32\Wbem;C:\WINDOWS\System32\WindowsPowerShell\v1.0\;C:\WINDOWS\System32\OpenSSH\;C:\ProgramData\chocolatey\bin;C:\Users\asus\AppData\Local\Android\Sdk\platform-tools\adb.exe;C:\Program Files (x86)\Yarn\bin\;C:\Program Files\Android\Android Studio\jre\bin;c:\Users\asus\AppData\Local\Android\Sdk\platform-tools;C:\Program Files\Git\cmd;C:\Users\asus\AppData\Local\Programs\Python\Python38;C:\Users\asus\AppData\Roaming\nvm;C:\Program Files\nodejs;C:\Program Files\nodejs\;C:\Program Files (x86)\NVIDIA Corporation\PhysX\Common;C:\Program Files\NVIDIA Corporation\NVIDIA NvDLISR;C:\Users\asus\AppData\Local\Programs\Python\Python36\Scripts\;C:\Users\asus\AppData\Local\Programs\Python\Python36\;C:\Users\asus\AppData\Local\Microsoft\WindowsApps;C:\Users\asus\AppData\Local\Yarn\bin;C:\Users\asus\AppData\Local\Programs\Microsoft VS Code\bin;D:\src\flutter\bin;C:\Users\asus\AppData\Local\Programs\Python\Python38;C:\Users\asus\AppData\Local\Programs\Python\Python38\Scripts;C:\Users\asus\AppData\Roaming\nvm;C:\Program Files\nodejs;C:\Users\asus\AppData\Roaming\npm;C:\Users\asus\AppData\Roaming\npm;D:\QuartusPrime\modelsim_ase\win32aloem
USERNAME=asus
OS=Windows_NT
PROCESSOR_IDENTIFIER=Intel64 Family 6 Model 158 Stepping 10, GenuineIntel



---------------  S Y S T E M  ---------------

OS: Windows 10.0 , 64 bit Build 18362 (10.0.18362.1316)

CPU:total 8 (initial active 8) (4 cores per cpu, 2 threads per core) family 6 model 158 stepping 10, cmov, cx8, fxsr, mmx, sse, sse2, sse3, ssse3, sse4.1, sse4.2, popcnt, avx, avx2, aes, clmul, erms, 3dnowpref, lzcnt, ht, tsc, tscinvbit, bmi1, bmi2, adx

Memory: 4k page, physical 8241596k(227384k free), swap 20529596k(5744k free)

vm_info: OpenJDK 64-Bit Server VM (25.242-b01) for windows-amd64 JRE (1.8.0_242-release-1644-b01), built by "builder" with MS VC++ 10.0 (VS2010)

time: Sat Feb 06 19:45:11 2021
timezone: India Standard Time
elapsed time: 10 seconds (0d 0h 0m 10s)

